#
# There is insufficient memory for the Java Runtime Environment to continue.
# Native memory allocation (malloc) failed to allocate 1642448 bytes for Chunk::new
# Possible reasons:
#   The system is out of physical RAM or swap space
#   The process is running with CompressedOops enabled, and the Java Heap may be blocking the growth of the native heap
# Possible solutions:
#   Reduce memory load on the system
#   Increase physical memory or swap space
#   Check if swap backing store is full
#   Decrease Java heap size (-Xmx/-Xms)
#   Decrease number of Java threads
#   Decrease Java thread stack sizes (-Xss)
#   Set larger code cache with -XX:ReservedCodeCacheSize=
#   JVM is running with Zero Based Compressed Oops mode in which the Java heap is
#     placed in the first 32GB address space. The Java Heap base address is the
#     maximum limit for the native heap growth. Please use -XX:HeapBaseMinAddress
#     to set the Java Heap base and to place the Java Heap above 32GB virtual address.
# This output file may be truncated or incomplete.
#
#  Out of Memory Error (arena.cpp:189), pid=15900, tid=15828
#
# JRE version: Java(TM) SE Runtime Environment (17.0.12+8) (build 17.0.12+8-LTS-286)
# Java VM: Java HotSpot(TM) 64-Bit Server VM (17.0.12+8-LTS-286, mixed mode, sharing, tiered, compressed oops, compressed class ptrs, g1 gc, windows-amd64)
# No core dump will be written. Minidumps are not enabled by default on client versions of Windows
#

---------------  S U M M A R Y ------------

Command Line: -XX:MaxMetaspaceSize=2G -XX:+HeapDumpOnOutOfMemoryError --add-opens=java.base/java.util=ALL-UNNAMED --add-opens=java.base/java.lang=ALL-UNNAMED --add-opens=java.base/java.lang.invoke=ALL-UNNAMED --add-opens=java.prefs/java.util.prefs=ALL-UNNAMED --add-opens=java.base/java.nio.charset=ALL-UNNAMED --add-opens=java.base/java.net=ALL-UNNAMED --add-opens=java.base/java.util.concurrent.atomic=ALL-UNNAMED -Xmx4G -Dfile.encoding=utf8 -Duser.country=US -Duser.language=en -Duser.variant -javaagent:C:\Users\Sahan\.gradle\wrapper\dists\gradle-8.2-bin\bbg7u40eoinfdyxsxr3z4i7ta\gradle-8.2\lib\agents\gradle-instrumentation-agent-8.2.jar org.gradle.launcher.daemon.bootstrap.GradleDaemon 8.2

Host: 11th Gen Intel(R) Core(TM) i3-1115G4 @ 3.00GHz, 4 cores, 7G,  Windows 11 , 64 bit Build 26100 (10.0.26100.3912)
Time: Mon May 26 16:33:47 2025 Sri Lanka Standard Time elapsed time: 93.963822 seconds (0d 0h 1m 33s)

---------------  T H R E A D  ---------------

Current thread (0x00000278ffd82460):  JavaThread "C2 CompilerThread0" daemon [_thread_in_native, id=15828, stack(0x00000095ab200000,0x00000095ab300000)]


Current CompileTask:
C2:  93964 10310       4       org.jetbrains.kotlin.metadata.ProtoBuf$Function::isInitialized (251 bytes)

Stack: [0x00000095ab200000,0x00000095ab300000]
Native frames: (J=compiled Java code, j=interpreted, Vv=VM code, C=native code)
V  [jvm.dll+0x67a04a]
V  [jvm.dll+0x7da4ed]
V  [jvm.dll+0x7dbe33]
V  [jvm.dll+0x7dc4a3]
V  [jvm.dll+0x24508f]
V  [jvm.dll+0xab773]
V  [jvm.dll+0xabd3c]
V  [jvm.dll+0x361bee]
V  [jvm.dll+0x32c431]
V  [jvm.dll+0x32b8ca]
V  [jvm.dll+0x21683f]
V  [jvm.dll+0x215c6f]
V  [jvm.dll+0x1a2960]
V  [jvm.dll+0x22610b]
V  [jvm.dll+0x2242ab]
V  [jvm.dll+0x79075c]
V  [jvm.dll+0x78abea]
V  [jvm.dll+0x678f35]
C  [ucrtbase.dll+0x37b0]
C  [KERNEL32.DLL+0x2e8d7]
C  [ntdll.dll+0x9c5dc]


---------------  P R O C E S S  ---------------

Threads class SMR info:
_java_thread_list=0x00000278d1852f00, length=41, elements={
0x00000278e57f6f00, 0x00000278ffd65f10, 0x00000278ffd69560, 0x00000278ffd7bd20,
0x00000278ffd7e600, 0x00000278ffd7eed0, 0x00000278ffd817b0, 0x00000278ffd82460,
0x00000278ffd87760, 0x00000278ffdde680, 0x00000278cd0ad9d0, 0x00000278cd1c93a0,
0x00000278cdd14740, 0x00000278ceb776b0, 0x00000278ce43f900, 0x00000278cd9753f0,
0x00000278cec28f10, 0x00000278cd48fcc0, 0x00000278cd48e370, 0x00000278cd491100,
0x00000278cd48f2a0, 0x00000278cd48f7b0, 0x00000278cd48e880, 0x00000278cd48d950,
0x00000278cd4901d0, 0x00000278cd490bf0, 0x00000278cd48de60, 0x00000278ced96940,
0x00000278ced95500, 0x00000278ced94ae0, 0x00000278ced97870, 0x00000278ced95a10,
0x00000278ced95f20, 0x00000278ced96430, 0x00000278ced940c0, 0x00000278ced97360,
0x00000278ced945d0, 0x00000278d0864810, 0x00000278d0866160, 0x00000278d08629b0,
0x00000278d1ce0550
}

Java Threads: ( => current thread )
  0x00000278e57f6f00 JavaThread "main" [_thread_blocked, id=20000, stack(0x00000095aa400000,0x00000095aa500000)]
  0x00000278ffd65f10 JavaThread "Reference Handler" daemon [_thread_blocked, id=17048, stack(0x00000095aac00000,0x00000095aad00000)]
  0x00000278ffd69560 JavaThread "Finalizer" daemon [_thread_blocked, id=5428, stack(0x00000095aad00000,0x00000095aae00000)]
  0x00000278ffd7bd20 JavaThread "Signal Dispatcher" daemon [_thread_blocked, id=12108, stack(0x00000095aae00000,0x00000095aaf00000)]
  0x00000278ffd7e600 JavaThread "Attach Listener" daemon [_thread_blocked, id=10520, stack(0x00000095aaf00000,0x00000095ab000000)]
  0x00000278ffd7eed0 JavaThread "Service Thread" daemon [_thread_blocked, id=7232, stack(0x00000095ab000000,0x00000095ab100000)]
  0x00000278ffd817b0 JavaThread "Monitor Deflation Thread" daemon [_thread_blocked, id=19704, stack(0x00000095ab100000,0x00000095ab200000)]
=>0x00000278ffd82460 JavaThread "C2 CompilerThread0" daemon [_thread_in_native, id=15828, stack(0x00000095ab200000,0x00000095ab300000)]
  0x00000278ffd87760 JavaThread "C1 CompilerThread0" daemon [_thread_blocked, id=8640, stack(0x00000095ab300000,0x00000095ab400000)]
  0x00000278ffdde680 JavaThread "Sweeper thread" daemon [_thread_blocked, id=9404, stack(0x00000095ab400000,0x00000095ab500000)]
  0x00000278cd0ad9d0 JavaThread "Common-Cleaner" daemon [_thread_blocked, id=3336, stack(0x00000095ab500000,0x00000095ab600000)]
  0x00000278cd1c93a0 JavaThread "Notification Thread" daemon [_thread_blocked, id=21940, stack(0x00000095ab600000,0x00000095ab700000)]
  0x00000278cdd14740 JavaThread "Daemon health stats" [_thread_blocked, id=22172, stack(0x00000095abb00000,0x00000095abc00000)]
  0x00000278ceb776b0 JavaThread "Incoming local TCP Connector on port 13869" [_thread_in_native, id=11940, stack(0x00000095abc00000,0x00000095abd00000)]
  0x00000278ce43f900 JavaThread "Daemon periodic checks" [_thread_blocked, id=20404, stack(0x00000095abd00000,0x00000095abe00000)]
  0x00000278cd9753f0 JavaThread "Daemon" [_thread_blocked, id=1188, stack(0x00000095abe00000,0x00000095abf00000)]
  0x00000278cec28f10 JavaThread "Handler for socket connection from /127.0.0.1:13869 to /127.0.0.1:13870" [_thread_in_native, id=9484, stack(0x00000095abf00000,0x00000095ac000000)]
  0x00000278cd48fcc0 JavaThread "Cancel handler" [_thread_blocked, id=14216, stack(0x00000095ac000000,0x00000095ac100000)]
  0x00000278cd48e370 JavaThread "Daemon worker" [_thread_in_Java, id=22164, stack(0x00000095ac100000,0x00000095ac200000)]
  0x00000278cd491100 JavaThread "Asynchronous log dispatcher for DefaultDaemonConnection: socket connection from /127.0.0.1:13869 to /127.0.0.1:13870" [_thread_blocked, id=9456, stack(0x00000095ac200000,0x00000095ac300000)]
  0x00000278cd48f2a0 JavaThread "Daemon client event forwarder" [_thread_blocked, id=9448, stack(0x00000095ac400000,0x00000095ac500000)]
  0x00000278cd48f7b0 JavaThread "Cache worker for journal cache (C:\Users\Sahan\.gradle\caches\journal-1)" [_thread_blocked, id=13256, stack(0x00000095ac500000,0x00000095ac600000)]
  0x00000278cd48e880 JavaThread "File lock request listener" [_thread_in_native, id=20608, stack(0x00000095ac600000,0x00000095ac700000)]
  0x00000278cd48d950 JavaThread "File lock release action executor" [_thread_blocked, id=9816, stack(0x00000095ac700000,0x00000095ac800000)]
  0x00000278cd4901d0 JavaThread "Cache worker for file hash cache (C:\Users\Sahan\.gradle\caches\8.2\fileHashes)" [_thread_blocked, id=12536, stack(0x00000095ac900000,0x00000095aca00000)]
  0x00000278cd490bf0 JavaThread "File watcher server" daemon [_thread_in_native, id=10212, stack(0x00000095aca00000,0x00000095acb00000)]
  0x00000278cd48de60 JavaThread "File watcher consumer" daemon [_thread_blocked, id=2844, stack(0x00000095acb00000,0x00000095acc00000)]
  0x00000278ced96940 JavaThread "jar transforms" [_thread_blocked, id=15164, stack(0x00000095acc00000,0x00000095acd00000)]
  0x00000278ced95500 JavaThread "jar transforms Thread 2" [_thread_blocked, id=7760, stack(0x00000095acd00000,0x00000095ace00000)]
  0x00000278ced94ae0 JavaThread "jar transforms Thread 3" [_thread_blocked, id=20004, stack(0x00000095ace00000,0x00000095acf00000)]
  0x00000278ced97870 JavaThread "Cache worker for checksums cache (C:\Users\Sahan\Dark\personal\Malware\venom\client-server-firebase-connection-flutter\android\.gradle\8.2\checksums)" [_thread_blocked, id=17044, stack(0x00000095acf00000,0x00000095ad000000)]
  0x00000278ced95a10 JavaThread "Cache worker for cache directory md-rule (C:\Users\Sahan\.gradle\caches\8.2\md-rule)" [_thread_blocked, id=17668, stack(0x00000095ad000000,0x00000095ad100000)]
  0x00000278ced95f20 JavaThread "Cache worker for file content cache (C:\Users\Sahan\.gradle\caches\8.2\fileContent)" [_thread_blocked, id=13348, stack(0x00000095ad100000,0x00000095ad200000)]
  0x00000278ced96430 JavaThread "Cache worker for file hash cache (C:\Users\Sahan\Dark\personal\Malware\venom\client-server-firebase-connection-flutter\android\.gradle\8.2\fileHashes)" [_thread_blocked, id=8836, stack(0x00000095ac800000,0x00000095ac900000)]
  0x00000278ced940c0 JavaThread "Cache worker for cache directory md-supplier (C:\Users\Sahan\.gradle\caches\8.2\md-supplier)" [_thread_blocked, id=22356, stack(0x00000095ad200000,0x00000095ad300000)]
  0x00000278ced97360 JavaThread "Cache worker for execution history cache (C:\Users\Sahan\.gradle\caches\8.2\executionHistory)" [_thread_blocked, id=12464, stack(0x00000095ad300000,0x00000095ad400000)]
  0x00000278ced945d0 JavaThread "jar transforms Thread 4" [_thread_blocked, id=22336, stack(0x00000095ad500000,0x00000095ad600000)]
  0x00000278d0864810 JavaThread "Cache worker for kotlin-dsl (C:\Users\Sahan\.gradle\caches\8.2\kotlin-dsl)" [_thread_blocked, id=22016, stack(0x00000095ad600000,0x00000095ad700000)]
  0x00000278d0866160 JavaThread "Cache worker for dependencies-accessors (C:\Users\Sahan\Dark\personal\Malware\venom\client-server-firebase-connection-flutter\android\.gradle\8.2\dependencies-accessors)" [_thread_blocked, id=19816, stack(0x00000095aa500000,0x00000095aa600000)]
  0x00000278d08629b0 JavaThread "Cache worker for Build Output Cleanup Cache (C:\Users\Sahan\dev\flutter\packages\flutter_tools\gradle\.gradle\buildOutputCleanup)" [_thread_blocked, id=21996, stack(0x00000095ac300000,0x00000095ac400000)]
  0x00000278d1ce0550 JavaThread "C2 CompilerThread1" daemon [_thread_in_native, id=22384, stack(0x00000095ad900000,0x00000095ada00000)]

Other Threads:
  0x00000278ffd5f1a0 VMThread "VM Thread" [stack: 0x00000095aab00000,0x00000095aac00000] [id=19512]
  0x00000278cd16d070 WatcherThread [stack: 0x00000095ab700000,0x00000095ab800000] [id=10632]
  0x00000278e5861b80 GCTaskThread "GC Thread#0" [stack: 0x00000095aa600000,0x00000095aa700000] [id=21772]
  0x00000278cd2d7420 GCTaskThread "GC Thread#1" [stack: 0x00000095ab900000,0x00000095aba00000] [id=21252]
  0x00000278cd30e390 GCTaskThread "GC Thread#2" [stack: 0x00000095aba00000,0x00000095abb00000] [id=4832]
  0x00000278cdaf7760 GCTaskThread "GC Thread#3" [stack: 0x00000095ab800000,0x00000095ab900000] [id=17316]
  0x00000278e58729e0 ConcurrentGCThread "G1 Main Marker" [stack: 0x00000095aa700000,0x00000095aa800000] [id=20704]
  0x00000278e5873300 ConcurrentGCThread "G1 Conc#0" [stack: 0x00000095aa800000,0x00000095aa900000] [id=10444]
  0x00000278e58ac480 ConcurrentGCThread "G1 Refine#0" [stack: 0x00000095aa900000,0x00000095aaa00000] [id=15784]
  0x00000278ced73cb0 ConcurrentGCThread "G1 Refine#1" [stack: 0x00000095ad400000,0x00000095ad500000] [id=22236]
  0x00000278d0677950 ConcurrentGCThread "G1 Refine#2" [stack: 0x00000095aa300000,0x00000095aa400000] [id=22504]
  0x00000278ffc200a0 ConcurrentGCThread "G1 Service" [stack: 0x00000095aaa00000,0x00000095aab00000] [id=18912]

Threads with active compile tasks:
C2 CompilerThread0    94016 10310       4       org.jetbrains.kotlin.metadata.ProtoBuf$Function::isInitialized (251 bytes)
C2 CompilerThread1    94016 10306       4       org.jetbrains.kotlin.metadata.ProtoBuf$Type$Argument::isInitialized (49 bytes)

VM state: not at safepoint (normal execution)

VM Mutex/Monitor currently owned by a thread: None

Heap address: 0x0000000700000000, size: 4096 MB, Compressed Oops mode: Zero based, Oop shift amount: 3

CDS archive(s) mapped at: [0x0000027888000000-0x0000027888bd0000-0x0000027888bd0000), size 12386304, SharedBaseAddress: 0x0000027888000000, ArchiveRelocationMode: 1.
Compressed class space mapped at: 0x0000027889000000-0x00000278c9000000, reserved size: 1073741824
Narrow klass base: 0x0000027888000000, Narrow klass shift: 0, Narrow klass range: 0x100000000

GC Precious Log:
 CPUs: 4 total, 4 available
 Memory: 7934M
 Large Page Support: Disabled
 NUMA Support: Disabled
 Compressed Oops: Enabled (Zero based)
 Heap Region Size: 2M
 Heap Min Capacity: 8M
 Heap Initial Capacity: 124M
 Heap Max Capacity: 4G
 Pre-touch: Disabled
 Parallel Workers: 4
 Concurrent Workers: 1
 Concurrent Refinement Workers: 4
 Periodic GC: Disabled

Heap:
 garbage-first heap   total 163840K, used 135495K [0x0000000700000000, 0x0000000800000000)
  region size 2048K, 23 young (47104K), 2 survivors (4096K)
 Metaspace       used 105832K, committed 106432K, reserved 1179648K
  class space    used 13653K, committed 13952K, reserved 1048576K

Heap Regions: E=young(eden), S=young(survivor), O=old, HS=humongous(starts), HC=humongous(continues), CS=collection set, F=free, OA=open archive, CA=closed archive, TAMS=top-at-mark-start (previous, next)
|   0|0x0000000700000000, 0x0000000700200000, 0x0000000700200000|100%| O|  |TAMS 0x0000000700200000, 0x0000000700000000| Untracked 
|   1|0x0000000700200000, 0x0000000700400000, 0x0000000700400000|100%|HS|  |TAMS 0x0000000700400000, 0x0000000700200000| Complete 
|   2|0x0000000700400000, 0x0000000700600000, 0x0000000700600000|100%|HC|  |TAMS 0x0000000700600000, 0x0000000700400000| Complete 
|   3|0x0000000700600000, 0x0000000700800000, 0x0000000700800000|100%| O|  |TAMS 0x0000000700800000, 0x0000000700600000| Untracked 
|   4|0x0000000700800000, 0x0000000700a00000, 0x0000000700a00000|100%| O|  |TAMS 0x0000000700a00000, 0x0000000700800000| Untracked 
|   5|0x0000000700a00000, 0x0000000700c00000, 0x0000000700c00000|100%| O|  |TAMS 0x0000000700c00000, 0x0000000700a00000| Untracked 
|   6|0x0000000700c00000, 0x0000000700e00000, 0x0000000700e00000|100%| O|  |TAMS 0x0000000700e00000, 0x0000000700c00000| Untracked 
|   7|0x0000000700e00000, 0x0000000701000000, 0x0000000701000000|100%| O|  |TAMS 0x0000000701000000, 0x0000000700e00000| Untracked 
|   8|0x0000000701000000, 0x0000000701200000, 0x0000000701200000|100%| O|  |TAMS 0x0000000701200000, 0x0000000701000000| Untracked 
|   9|0x0000000701200000, 0x0000000701400000, 0x0000000701400000|100%| O|  |TAMS 0x0000000701400000, 0x0000000701200000| Untracked 
|  10|0x0000000701400000, 0x0000000701600000, 0x0000000701600000|100%| O|  |TAMS 0x0000000701600000, 0x0000000701400000| Untracked 
|  11|0x0000000701600000, 0x0000000701600000, 0x0000000701800000|  0%| F|  |TAMS 0x0000000701600000, 0x0000000701600000| Untracked 
|  12|0x0000000701800000, 0x0000000701a00000, 0x0000000701a00000|100%| O|  |TAMS 0x0000000701a00000, 0x0000000701800000| Untracked 
|  13|0x0000000701a00000, 0x0000000701c00000, 0x0000000701c00000|100%| O|  |TAMS 0x0000000701c00000, 0x0000000701a00000| Untracked 
|  14|0x0000000701c00000, 0x0000000701e00000, 0x0000000701e00000|100%| O|  |TAMS 0x0000000701e00000, 0x0000000701c00000| Untracked 
|  15|0x0000000701e00000, 0x0000000702000000, 0x0000000702000000|100%| O|  |TAMS 0x0000000702000000, 0x0000000701e00000| Untracked 
|  16|0x0000000702000000, 0x0000000702200000, 0x0000000702200000|100%| O|  |TAMS 0x0000000702200000, 0x0000000702000000| Untracked 
|  17|0x0000000702200000, 0x0000000702400000, 0x0000000702400000|100%| O|  |TAMS 0x0000000702400000, 0x0000000702200000| Untracked 
|  18|0x0000000702400000, 0x0000000702600000, 0x0000000702600000|100%| O|  |TAMS 0x0000000702600000, 0x0000000702400000| Untracked 
|  19|0x0000000702600000, 0x0000000702800000, 0x0000000702800000|100%| O|  |TAMS 0x0000000702800000, 0x0000000702600000| Untracked 
|  20|0x0000000702800000, 0x0000000702a00000, 0x0000000702a00000|100%| O|  |TAMS 0x0000000702a00000, 0x0000000702800000| Untracked 
|  21|0x0000000702a00000, 0x0000000702c00000, 0x0000000702c00000|100%| O|  |TAMS 0x0000000702c00000, 0x0000000702a00000| Untracked 
|  22|0x0000000702c00000, 0x0000000702e00000, 0x0000000702e00000|100%| O|  |TAMS 0x0000000702e00000, 0x0000000702c00000| Untracked 
|  23|0x0000000702e00000, 0x0000000703000000, 0x0000000703000000|100%| O|  |TAMS 0x0000000703000000, 0x0000000702e00000| Untracked 
|  24|0x0000000703000000, 0x0000000703200000, 0x0000000703200000|100%| O|  |TAMS 0x0000000703200000, 0x0000000703000000| Untracked 
|  25|0x0000000703200000, 0x0000000703400000, 0x0000000703400000|100%|HS|  |TAMS 0x0000000703400000, 0x0000000703200000| Complete 
|  26|0x0000000703400000, 0x0000000703600000, 0x0000000703600000|100%|HC|  |TAMS 0x0000000703600000, 0x0000000703400000| Complete 
|  27|0x0000000703600000, 0x0000000703800000, 0x0000000703800000|100%| O|  |TAMS 0x0000000703800000, 0x0000000703600000| Untracked 
|  28|0x0000000703800000, 0x0000000703a00000, 0x0000000703a00000|100%| O|  |TAMS 0x0000000703a00000, 0x0000000703800000| Untracked 
|  29|0x0000000703a00000, 0x0000000703c00000, 0x0000000703c00000|100%| O|  |TAMS 0x0000000703c00000, 0x0000000703a00000| Untracked 
|  30|0x0000000703c00000, 0x0000000703e00000, 0x0000000703e00000|100%| O|  |TAMS 0x0000000703e00000, 0x0000000703c00000| Untracked 
|  31|0x0000000703e00000, 0x0000000704000000, 0x0000000704000000|100%| O|  |TAMS 0x0000000704000000, 0x0000000703e00000| Untracked 
|  32|0x0000000704000000, 0x0000000704200000, 0x0000000704200000|100%|HS|  |TAMS 0x0000000704200000, 0x0000000704000000| Complete 
|  33|0x0000000704200000, 0x0000000704400000, 0x0000000704400000|100%|HC|  |TAMS 0x0000000704400000, 0x0000000704200000| Complete 
|  34|0x0000000704400000, 0x0000000704600000, 0x0000000704600000|100%|HC|  |TAMS 0x0000000704600000, 0x0000000704400000| Complete 
|  35|0x0000000704600000, 0x0000000704800000, 0x0000000704800000|100%| O|  |TAMS 0x0000000704800000, 0x0000000704600000| Untracked 
|  36|0x0000000704800000, 0x0000000704a00000, 0x0000000704a00000|100%| O|  |TAMS 0x0000000704a00000, 0x0000000704800000| Untracked 
|  37|0x0000000704a00000, 0x0000000704c00000, 0x0000000704c00000|100%| O|  |TAMS 0x0000000704c00000, 0x0000000704a00000| Untracked 
|  38|0x0000000704c00000, 0x0000000704e00000, 0x0000000704e00000|100%| O|  |TAMS 0x0000000704e00000, 0x0000000704c00000| Untracked 
|  39|0x0000000704e00000, 0x0000000705000000, 0x0000000705000000|100%| O|  |TAMS 0x0000000705000000, 0x0000000704e00000| Untracked 
|  40|0x0000000705000000, 0x0000000705200000, 0x0000000705200000|100%| O|  |TAMS 0x0000000705200000, 0x0000000705000000| Untracked 
|  41|0x0000000705200000, 0x0000000705400000, 0x0000000705400000|100%| O|  |TAMS 0x0000000705400000, 0x0000000705200000| Untracked 
|  42|0x0000000705400000, 0x0000000705600000, 0x0000000705600000|100%| O|  |TAMS 0x0000000705600000, 0x0000000705400000| Untracked 
|  43|0x0000000705600000, 0x0000000705668e00, 0x0000000705800000| 20%| O|  |TAMS 0x0000000705668e00, 0x0000000705600000| Untracked 
|  44|0x0000000705800000, 0x0000000705800000, 0x0000000705a00000|  0%| F|  |TAMS 0x0000000705800000, 0x0000000705800000| Untracked 
|  45|0x0000000705a00000, 0x0000000705a00000, 0x0000000705c00000|  0%| F|  |TAMS 0x0000000705a00000, 0x0000000705a00000| Untracked 
|  46|0x0000000705c00000, 0x0000000705c00000, 0x0000000705e00000|  0%| F|  |TAMS 0x0000000705c00000, 0x0000000705c00000| Untracked 
|  47|0x0000000705e00000, 0x0000000705e00000, 0x0000000706000000|  0%| F|  |TAMS 0x0000000705e00000, 0x0000000705e00000| Untracked 
|  48|0x0000000706000000, 0x0000000706000000, 0x0000000706200000|  0%| F|  |TAMS 0x0000000706000000, 0x0000000706000000| Untracked 
|  49|0x0000000706200000, 0x0000000706200000, 0x0000000706400000|  0%| F|  |TAMS 0x0000000706200000, 0x0000000706200000| Untracked 
|  50|0x0000000706400000, 0x0000000706400000, 0x0000000706600000|  0%| F|  |TAMS 0x0000000706400000, 0x0000000706400000| Untracked 
|  51|0x0000000706600000, 0x0000000706600000, 0x0000000706800000|  0%| F|  |TAMS 0x0000000706600000, 0x0000000706600000| Untracked 
|  52|0x0000000706800000, 0x0000000706800000, 0x0000000706a00000|  0%| F|  |TAMS 0x0000000706800000, 0x0000000706800000| Untracked 
|  53|0x0000000706a00000, 0x0000000706be8f40, 0x0000000706c00000| 95%| S|CS|TAMS 0x0000000706a00000, 0x0000000706a00000| Complete 
|  54|0x0000000706c00000, 0x0000000706c00000, 0x0000000706e00000|  0%| F|  |TAMS 0x0000000706c00000, 0x0000000706c00000| Untracked 
|  55|0x0000000706e00000, 0x0000000707000000, 0x0000000707000000|100%| S|CS|TAMS 0x0000000706e00000, 0x0000000706e00000| Complete 
|  56|0x0000000707000000, 0x0000000707000000, 0x0000000707200000|  0%| F|  |TAMS 0x0000000707000000, 0x0000000707000000| Untracked 
|  57|0x0000000707200000, 0x0000000707400000, 0x0000000707400000|100%| E|  |TAMS 0x0000000707200000, 0x0000000707200000| Complete 
|  58|0x0000000707400000, 0x0000000707600000, 0x0000000707600000|100%| E|CS|TAMS 0x0000000707400000, 0x0000000707400000| Complete 
|  59|0x0000000707600000, 0x0000000707800000, 0x0000000707800000|100%| E|CS|TAMS 0x0000000707600000, 0x0000000707600000| Complete 
|  60|0x0000000707800000, 0x0000000707a00000, 0x0000000707a00000|100%| E|CS|TAMS 0x0000000707800000, 0x0000000707800000| Complete 
|  61|0x0000000707a00000, 0x0000000707c00000, 0x0000000707c00000|100%| E|CS|TAMS 0x0000000707a00000, 0x0000000707a00000| Complete 
|  62|0x0000000707c00000, 0x0000000707e00000, 0x0000000707e00000|100%| E|CS|TAMS 0x0000000707c00000, 0x0000000707c00000| Complete 
|  63|0x0000000707e00000, 0x0000000708000000, 0x0000000708000000|100%| E|CS|TAMS 0x0000000707e00000, 0x0000000707e00000| Complete 
|  64|0x0000000708000000, 0x0000000708200000, 0x0000000708200000|100%| E|CS|TAMS 0x0000000708000000, 0x0000000708000000| Complete 
|  65|0x0000000708200000, 0x0000000708400000, 0x0000000708400000|100%| E|CS|TAMS 0x0000000708200000, 0x0000000708200000| Complete 
|  66|0x0000000708400000, 0x0000000708600000, 0x0000000708600000|100%| E|CS|TAMS 0x0000000708400000, 0x0000000708400000| Complete 
|  67|0x0000000708600000, 0x0000000708800000, 0x0000000708800000|100%| E|CS|TAMS 0x0000000708600000, 0x0000000708600000| Complete 
|  68|0x0000000708800000, 0x0000000708a00000, 0x0000000708a00000|100%| E|CS|TAMS 0x0000000708800000, 0x0000000708800000| Complete 
|  69|0x0000000708a00000, 0x0000000708c00000, 0x0000000708c00000|100%| E|CS|TAMS 0x0000000708a00000, 0x0000000708a00000| Complete 
|  70|0x0000000708c00000, 0x0000000708e00000, 0x0000000708e00000|100%| E|CS|TAMS 0x0000000708c00000, 0x0000000708c00000| Complete 
|  71|0x0000000708e00000, 0x0000000709000000, 0x0000000709000000|100%| E|CS|TAMS 0x0000000708e00000, 0x0000000708e00000| Complete 
|  72|0x0000000709000000, 0x0000000709200000, 0x0000000709200000|100%| E|CS|TAMS 0x0000000709000000, 0x0000000709000000| Complete 
|  73|0x0000000709200000, 0x0000000709400000, 0x0000000709400000|100%| E|CS|TAMS 0x0000000709200000, 0x0000000709200000| Complete 
|  74|0x0000000709400000, 0x0000000709600000, 0x0000000709600000|100%| E|CS|TAMS 0x0000000709400000, 0x0000000709400000| Complete 
|  75|0x0000000709600000, 0x0000000709800000, 0x0000000709800000|100%| E|CS|TAMS 0x0000000709600000, 0x0000000709600000| Complete 
|  76|0x0000000709800000, 0x0000000709a00000, 0x0000000709a00000|100%| E|CS|TAMS 0x0000000709800000, 0x0000000709800000| Complete 
|  77|0x0000000709a00000, 0x0000000709c00000, 0x0000000709c00000|100%| E|CS|TAMS 0x0000000709a00000, 0x0000000709a00000| Complete 
|2046|0x00000007ffc00000, 0x00000007ffe00000, 0x00000007ffe00000|100%| O|  |TAMS 0x00000007ffe00000, 0x00000007ffc00000| Untracked 
|2047|0x00000007ffe00000, 0x0000000800000000, 0x0000000800000000|100%| O|  |TAMS 0x0000000800000000, 0x00000007ffe00000| Untracked 

Card table byte_map: [0x00000278fc8b0000,0x00000278fd0b0000] _byte_map_base: 0x00000278f90b0000

Marking Bits (Prev, Next): (CMBitMap*) 0x00000278e58620b0, (CMBitMap*) 0x00000278e58620f0
 Prev Bits: [0x0000027880000000, 0x0000027884000000)
 Next Bits: [0x0000027884000000, 0x0000027888000000)

Polling page: 0x00000278e4f00000

Metaspace:

Usage:
  Non-class:     90.02 MB used.
      Class:     13.33 MB used.
       Both:    103.35 MB used.

Virtual space:
  Non-class space:      128.00 MB reserved,      90.31 MB ( 71%) committed,  2 nodes.
      Class space:        1.00 GB reserved,      13.62 MB (  1%) committed,  1 nodes.
             Both:        1.12 GB reserved,     103.94 MB (  9%) committed. 

Chunk freelists:
   Non-Class:  4.94 MB
       Class:  2.19 MB
        Both:  7.12 MB

MaxMetaspaceSize: 2.00 GB
CompressedClassSpaceSize: 1.00 GB
Initial GC threshold: 21.00 MB
Current GC threshold: 153.12 MB
CDS: on
MetaspaceReclaimPolicy: balanced
 - commit_granule_bytes: 65536.
 - commit_granule_words: 8192.
 - virtual_space_node_default_size: 8388608.
 - enlarge_chunks_in_place: 1.
 - new_chunks_are_fully_committed: 0.
 - uncommit_free_chunks: 1.
 - use_allocation_guard: 0.
 - handle_deallocations: 1.


Internal statistics:

num_allocs_failed_limit: 9.
num_arena_births: 796.
num_arena_deaths: 8.
num_vsnodes_births: 3.
num_vsnodes_deaths: 0.
num_space_committed: 1661.
num_space_uncommitted: 0.
num_chunks_returned_to_freelist: 26.
num_chunks_taken_from_freelist: 4503.
num_chunk_merges: 8.
num_chunk_splits: 3516.
num_chunks_enlarged: 2917.
num_inconsistent_stats: 0.

CodeHeap 'non-profiled nmethods': size=120000Kb used=5942Kb max_used=5942Kb free=114057Kb
 bounds [0x00000278f4b80000, 0x00000278f5150000, 0x00000278fc0b0000]
CodeHeap 'profiled nmethods': size=120000Kb used=19948Kb max_used=19948Kb free=100051Kb
 bounds [0x00000278ed0b0000, 0x00000278ee430000, 0x00000278f45e0000]
CodeHeap 'non-nmethods': size=5760Kb used=2503Kb max_used=2533Kb free=3256Kb
 bounds [0x00000278f45e0000, 0x00000278f4860000, 0x00000278f4b80000]
 total_blobs=10152 nmethods=9100 adapters=962
 compilation: enabled
              stopped_count=0, restarted_count=0
 full_count=0

Compilation events (20 events):
Event: 93.927 Thread 0x00000278ffd87760 nmethod 10352 0x00000278ee409710 code [0x00000278ee409aa0, 0x00000278ee40b058]
Event: 93.927 Thread 0x00000278ffd87760 10353       3       org.jetbrains.kotlin.load.java.lazy.descriptors.LazyJavaAnnotationDescriptor::getFqName (17 bytes)
Event: 93.928 Thread 0x00000278ffd87760 nmethod 10353 0x00000278ee40b790 code [0x00000278ee40ba40, 0x00000278ee40c6e8]
Event: 93.935 Thread 0x00000278ffd87760 10354       3       org.jetbrains.kotlin.types.TypeSubstitution::buildSubstitutor (11 bytes)
Event: 93.936 Thread 0x00000278ffd87760 nmethod 10354 0x00000278ee40cb10 code [0x00000278ee40cce0, 0x00000278ee40d028]
Event: 93.944 Thread 0x00000278ffd87760 10355       1       org.jetbrains.kotlin.load.java.lazy.JavaResolverComponents::getKotlinTypeChecker (5 bytes)
Event: 93.944 Thread 0x00000278ffd87760 nmethod 10355 0x00000278f5149b90 code [0x00000278f5149d20, 0x00000278f5149df8]
Event: 93.944 Thread 0x00000278ffd87760 10356       3       org.jetbrains.kotlin.load.java.structure.impl.classFiles.BinaryJavaAnnotationVisitor::<init> (40 bytes)
Event: 93.946 Thread 0x00000278ffd87760 nmethod 10356 0x00000278ee40d190 code [0x00000278ee40d4c0, 0x00000278ee40e5a8]
Event: 93.946 Thread 0x00000278ffd87760 10357       3       org.jetbrains.org.objectweb.asm.AnnotationVisitor::visitEnd (15 bytes)
Event: 93.946 Thread 0x00000278ffd87760 nmethod 10357 0x00000278ee40eb10 code [0x00000278ee40ecc0, 0x00000278ee40eec8]
Event: 93.946 Thread 0x00000278ffd87760 10358       1       org.jetbrains.kotlin.builtins.jvm.JvmBuiltIns$Settings::isAdditionalBuiltInsFeatureSupported (5 bytes)
Event: 93.946 Thread 0x00000278ffd87760 nmethod 10358 0x00000278f5149e90 code [0x00000278f514a020, 0x00000278f514a0f8]
Event: 93.947 Thread 0x00000278ffd87760 10359       3       org.jetbrains.kotlin.descriptors.impl.LazyPackageViewDescriptorImpl::isEmpty (5 bytes)
Event: 93.949 Thread 0x00000278ffd87760 nmethod 10359 0x00000278ee40ef90 code [0x00000278ee40f240, 0x00000278ee40ff68]
Event: 93.949 Thread 0x00000278ffd87760 10363       3       org.jetbrains.kotlin.resolve.QualifiedExpressionResolver::doProcessImportReference (203 bytes)
Event: 93.952 Thread 0x00000278ffd87760 nmethod 10363 0x00000278ee410410 code [0x00000278ee4108e0, 0x00000278ee413188]
Event: 93.952 Thread 0x00000278ffd87760 10366       3       org.jetbrains.kotlin.resolve.QualifiedExpressionResolver::quickResolveToPackage (338 bytes)
Event: 93.957 Thread 0x00000278ffd87760 nmethod 10366 0x00000278ee413b90 code [0x00000278ee414180, 0x00000278ee417578]
Event: 93.957 Thread 0x00000278ffd87760 10367       3       org.jetbrains.kotlin.resolve.QualifiedExpressionResolver::recordPackageViews (184 bytes)

GC Heap History (20 events):
Event: 74.342 GC heap before
{Heap before GC invocations=33 (full 0):
 garbage-first heap   total 147456K, used 85312K [0x0000000700000000, 0x0000000800000000)
  region size 2048K, 3 young (6144K), 1 survivors (2048K)
 Metaspace       used 76117K, committed 76672K, reserved 1179648K
  class space    used 10161K, committed 10432K, reserved 1048576K
}
Event: 74.353 GC heap after
{Heap after GC invocations=34 (full 0):
 garbage-first heap   total 147456K, used 81619K [0x0000000700000000, 0x0000000800000000)
  region size 2048K, 1 young (2048K), 1 survivors (2048K)
 Metaspace       used 76117K, committed 76672K, reserved 1179648K
  class space    used 10161K, committed 10432K, reserved 1048576K
}
Event: 76.780 GC heap before
{Heap before GC invocations=34 (full 0):
 garbage-first heap   total 147456K, used 118483K [0x0000000700000000, 0x0000000800000000)
  region size 2048K, 19 young (38912K), 1 survivors (2048K)
 Metaspace       used 80296K, committed 80960K, reserved 1179648K
  class space    used 10680K, committed 11008K, reserved 1048576K
}
Event: 76.787 GC heap after
{Heap after GC invocations=35 (full 0):
 garbage-first heap   total 147456K, used 83833K [0x0000000700000000, 0x0000000800000000)
  region size 2048K, 2 young (4096K), 2 survivors (4096K)
 Metaspace       used 80296K, committed 80960K, reserved 1179648K
  class space    used 10680K, committed 11008K, reserved 1048576K
}
Event: 77.899 GC heap before
{Heap before GC invocations=36 (full 0):
 garbage-first heap   total 163840K, used 118649K [0x0000000700000000, 0x0000000800000000)
  region size 2048K, 19 young (38912K), 2 survivors (4096K)
 Metaspace       used 81157K, committed 81792K, reserved 1179648K
  class space    used 10782K, committed 11072K, reserved 1048576K
}
Event: 77.906 GC heap after
{Heap after GC invocations=37 (full 0):
 garbage-first heap   total 163840K, used 85338K [0x0000000700000000, 0x0000000800000000)
  region size 2048K, 3 young (6144K), 3 survivors (6144K)
 Metaspace       used 81157K, committed 81792K, reserved 1179648K
  class space    used 10782K, committed 11072K, reserved 1048576K
}
Event: 77.922 GC heap before
{Heap before GC invocations=37 (full 0):
 garbage-first heap   total 163840K, used 87386K [0x0000000700000000, 0x0000000800000000)
  region size 2048K, 4 young (8192K), 3 survivors (6144K)
 Metaspace       used 81161K, committed 81792K, reserved 1179648K
  class space    used 10782K, committed 11072K, reserved 1048576K
}
Event: 77.931 GC heap after
{Heap after GC invocations=38 (full 0):
 garbage-first heap   total 163840K, used 84878K [0x0000000700000000, 0x0000000800000000)
  region size 2048K, 1 young (2048K), 1 survivors (2048K)
 Metaspace       used 81161K, committed 81792K, reserved 1179648K
  class space    used 10782K, committed 11072K, reserved 1048576K
}
Event: 80.461 GC heap before
{Heap before GC invocations=38 (full 0):
 garbage-first heap   total 163840K, used 131982K [0x0000000700000000, 0x0000000800000000)
  region size 2048K, 24 young (49152K), 1 survivors (2048K)
 Metaspace       used 84074K, committed 84736K, reserved 1179648K
  class space    used 11086K, committed 11392K, reserved 1048576K
}
Event: 80.469 GC heap after
{Heap after GC invocations=39 (full 0):
 garbage-first heap   total 163840K, used 87841K [0x0000000700000000, 0x0000000800000000)
  region size 2048K, 2 young (4096K), 2 survivors (4096K)
 Metaspace       used 84074K, committed 84736K, reserved 1179648K
  class space    used 11086K, committed 11392K, reserved 1048576K
}
Event: 83.249 GC heap before
{Heap before GC invocations=40 (full 0):
 garbage-first heap   total 163840K, used 130849K [0x0000000700000000, 0x0000000800000000)
  region size 2048K, 24 young (49152K), 2 survivors (4096K)
 Metaspace       used 87868K, committed 88448K, reserved 1179648K
  class space    used 11494K, committed 11776K, reserved 1048576K
}
Event: 83.260 GC heap after
{Heap after GC invocations=41 (full 0):
 garbage-first heap   total 163840K, used 90877K [0x0000000700000000, 0x0000000800000000)
  region size 2048K, 2 young (4096K), 2 survivors (4096K)
 Metaspace       used 87868K, committed 88448K, reserved 1179648K
  class space    used 11494K, committed 11776K, reserved 1048576K
}
Event: 83.542 GC heap before
{Heap before GC invocations=41 (full 0):
 garbage-first heap   total 163840K, used 94973K [0x0000000700000000, 0x0000000800000000)
  region size 2048K, 4 young (8192K), 2 survivors (4096K)
 Metaspace       used 88415K, committed 89024K, reserved 1179648K
  class space    used 11541K, committed 11840K, reserved 1048576K
}
Event: 83.550 GC heap after
{Heap after GC invocations=42 (full 0):
 garbage-first heap   total 163840K, used 91102K [0x0000000700000000, 0x0000000800000000)
  region size 2048K, 1 young (2048K), 1 survivors (2048K)
 Metaspace       used 88415K, committed 89024K, reserved 1179648K
  class space    used 11541K, committed 11840K, reserved 1048576K
}
Event: 86.267 GC heap before
{Heap before GC invocations=42 (full 0):
 garbage-first heap   total 163840K, used 134110K [0x0000000700000000, 0x0000000800000000)
  region size 2048K, 22 young (45056K), 1 survivors (2048K)
 Metaspace       used 93100K, committed 93696K, reserved 1179648K
  class space    used 12124K, committed 12416K, reserved 1048576K
}
Event: 86.274 GC heap after
{Heap after GC invocations=43 (full 0):
 garbage-first heap   total 163840K, used 92246K [0x0000000700000000, 0x0000000800000000)
  region size 2048K, 1 young (2048K), 1 survivors (2048K)
 Metaspace       used 93100K, committed 93696K, reserved 1179648K
  class space    used 12124K, committed 12416K, reserved 1048576K
}
Event: 89.276 GC heap before
{Heap before GC invocations=44 (full 0):
 garbage-first heap   total 163840K, used 135254K [0x0000000700000000, 0x0000000800000000)
  region size 2048K, 22 young (45056K), 1 survivors (2048K)
 Metaspace       used 99346K, committed 99968K, reserved 1179648K
  class space    used 12750K, committed 13056K, reserved 1048576K
}
Event: 89.282 GC heap after
{Heap after GC invocations=45 (full 0):
 garbage-first heap   total 163840K, used 93142K [0x0000000700000000, 0x0000000800000000)
  region size 2048K, 2 young (4096K), 2 survivors (4096K)
 Metaspace       used 99346K, committed 99968K, reserved 1179648K
  class space    used 12750K, committed 13056K, reserved 1048576K
}
Event: 91.633 GC heap before
{Heap before GC invocations=45 (full 0):
 garbage-first heap   total 163840K, used 136150K [0x0000000700000000, 0x0000000800000000)
  region size 2048K, 23 young (47104K), 2 survivors (4096K)
 Metaspace       used 103640K, committed 104256K, reserved 1179648K
  class space    used 13304K, committed 13632K, reserved 1048576K
}
Event: 91.644 GC heap after
{Heap after GC invocations=46 (full 0):
 garbage-first heap   total 163840K, used 94535K [0x0000000700000000, 0x0000000800000000)
  region size 2048K, 2 young (4096K), 2 survivors (4096K)
 Metaspace       used 103640K, committed 104256K, reserved 1179648K
  class space    used 13304K, committed 13632K, reserved 1048576K
}

Deoptimization events (20 events):
Event: 93.132 Thread 0x00000278cd48e370 Uncommon trap: trap_request=0xffffffde fr.pc=0x00000278f505b1fc relative=0x000000000000089c
Event: 93.132 Thread 0x00000278cd48e370 Uncommon trap: reason=class_check action=maybe_recompile pc=0x00000278f505b1fc method=org.jetbrains.kotlin.metadata.ProtoBuf$TypeParameter.getSerializedSize()I @ 153 c2
Event: 93.132 Thread 0x00000278cd48e370 DEOPT PACKING pc=0x00000278f505b1fc sp=0x00000095ac1f1a20
Event: 93.132 Thread 0x00000278cd48e370 DEOPT UNPACKING pc=0x00000278f4635ba3 sp=0x00000095ac1f19d8 mode 2
Event: 93.315 Thread 0x00000278cd48e370 Uncommon trap: trap_request=0xffffffc6 fr.pc=0x00000278f4fac53c relative=0x0000000000002e5c
Event: 93.315 Thread 0x00000278cd48e370 Uncommon trap: reason=bimorphic_or_optimized_type_check action=maybe_recompile pc=0x00000278f4fac53c method=org.jetbrains.kotlin.com.intellij.openapi.vfs.VirtualFile.findChild(Ljava/lang/String;)Lorg/jetbrains/kotlin/com/intellij/openapi/vfs/VirtualFile; 
Event: 93.315 Thread 0x00000278cd48e370 DEOPT PACKING pc=0x00000278f4fac53c sp=0x00000095ac1f22f0
Event: 93.315 Thread 0x00000278cd48e370 DEOPT UNPACKING pc=0x00000278f4635ba3 sp=0x00000095ac1f22f8 mode 2
Event: 93.546 Thread 0x00000278cd48e370 Uncommon trap: trap_request=0xffffffc6 fr.pc=0x00000278f4fac53c relative=0x0000000000002e5c
Event: 93.546 Thread 0x00000278cd48e370 Uncommon trap: reason=bimorphic_or_optimized_type_check action=maybe_recompile pc=0x00000278f4fac53c method=org.jetbrains.kotlin.com.intellij.openapi.vfs.VirtualFile.findChild(Ljava/lang/String;)Lorg/jetbrains/kotlin/com/intellij/openapi/vfs/VirtualFile; 
Event: 93.546 Thread 0x00000278cd48e370 DEOPT PACKING pc=0x00000278f4fac53c sp=0x00000095ac1f0910
Event: 93.546 Thread 0x00000278cd48e370 DEOPT UNPACKING pc=0x00000278f4635ba3 sp=0x00000095ac1f0908 mode 2
Event: 93.546 Thread 0x00000278cd48e370 Uncommon trap: trap_request=0xffffffc6 fr.pc=0x00000278f4fac53c relative=0x0000000000002e5c
Event: 93.546 Thread 0x00000278cd48e370 Uncommon trap: reason=bimorphic_or_optimized_type_check action=maybe_recompile pc=0x00000278f4fac53c method=org.jetbrains.kotlin.com.intellij.openapi.vfs.VirtualFile.findChild(Ljava/lang/String;)Lorg/jetbrains/kotlin/com/intellij/openapi/vfs/VirtualFile; 
Event: 93.546 Thread 0x00000278cd48e370 DEOPT PACKING pc=0x00000278f4fac53c sp=0x00000095ac1f0910
Event: 93.546 Thread 0x00000278cd48e370 DEOPT UNPACKING pc=0x00000278f4635ba3 sp=0x00000095ac1f0908 mode 2
Event: 93.546 Thread 0x00000278cd48e370 Uncommon trap: trap_request=0xffffffc6 fr.pc=0x00000278f4fac53c relative=0x0000000000002e5c
Event: 93.546 Thread 0x00000278cd48e370 Uncommon trap: reason=bimorphic_or_optimized_type_check action=maybe_recompile pc=0x00000278f4fac53c method=org.jetbrains.kotlin.com.intellij.openapi.vfs.VirtualFile.findChild(Ljava/lang/String;)Lorg/jetbrains/kotlin/com/intellij/openapi/vfs/VirtualFile; 
Event: 93.547 Thread 0x00000278cd48e370 DEOPT PACKING pc=0x00000278f4fac53c sp=0x00000095ac1f0910
Event: 93.547 Thread 0x00000278cd48e370 DEOPT UNPACKING pc=0x00000278f4635ba3 sp=0x00000095ac1f0908 mode 2

Classes unloaded (15 events):
Event: 58.823 Thread 0x00000278ffd5f1a0 Unloading class 0x00000278895b8800 '_BuildScript_'
Event: 58.823 Thread 0x00000278ffd5f1a0 Unloading class 0x00000278895b5918 '_BuildScript_$_run_closure1$_closure2'
Event: 58.823 Thread 0x00000278ffd5f1a0 Unloading class 0x00000278895b5530 '_BuildScript_$_run_closure1'
Event: 58.823 Thread 0x00000278ffd5f1a0 Unloading class 0x00000278895b5000 '_BuildScript_'
Event: 58.823 Thread 0x00000278ffd5f1a0 Unloading class 0x00000278895b2000 '_BuildScript_$_run_closure1$_closure2'
Event: 58.823 Thread 0x00000278ffd5f1a0 Unloading class 0x00000278895b1918 '_BuildScript_$_run_closure1'
Event: 58.823 Thread 0x00000278ffd5f1a0 Unloading class 0x00000278895b13e8 '_BuildScript_'
Event: 58.823 Thread 0x00000278ffd5f1a0 Unloading class 0x00000278895b1000 'ProtobufPatchPlugin$_apply_closure1$_closure2$_closure3$_closure4'
Event: 58.823 Thread 0x00000278ffd5f1a0 Unloading class 0x00000278895b0a98 'ProtobufPatchPlugin$_apply_closure1$_closure2$_closure3'
Event: 58.823 Thread 0x00000278ffd5f1a0 Unloading class 0x00000278895b06b0 'ProtobufPatchPlugin$_apply_closure1$_closure2'
Event: 58.823 Thread 0x00000278ffd5f1a0 Unloading class 0x00000278895b02c8 'ProtobufPatchPlugin$_apply_closure1'
Event: 58.823 Thread 0x00000278ffd5f1a0 Unloading class 0x00000278895b0000 'ProtobufPatchPlugin'
Event: 58.823 Thread 0x00000278ffd5f1a0 Unloading class 0x0000027889510918 '_BuildScript_$_run_closure1$_closure2'
Event: 58.823 Thread 0x00000278ffd5f1a0 Unloading class 0x0000027889510530 '_BuildScript_$_run_closure1'
Event: 58.823 Thread 0x00000278ffd5f1a0 Unloading class 0x0000027889510000 '_BuildScript_'

Classes redefined (0 events):
No events

Internal exceptions (20 events):
Event: 91.326 Thread 0x00000278cd48e370 Exception <a 'java/lang/ClassNotFoundException'{0x0000000707960cf0}: org/gradle/api/internal/plugins/DefaultPluginCollectionBeanInfo> (0x0000000707960cf0) 
thrown [s\open\src\hotspot\share\classfile\systemDictionary.cpp, line 256]
Event: 91.327 Thread 0x00000278cd48e370 Exception <a 'java/lang/ClassNotFoundException'{0x0000000707971280}: org/gradle/api/internal/DefaultDomainObjectSetBeanInfo> (0x0000000707971280) 
thrown [s\open\src\hotspot\share\classfile\systemDictionary.cpp, line 256]
Event: 91.328 Thread 0x00000278cd48e370 Exception <a 'java/lang/ClassNotFoundException'{0x0000000707981840}: org/gradle/api/internal/DefaultDomainObjectSetCustomizer> (0x0000000707981840) 
thrown [s\open\src\hotspot\share\classfile\systemDictionary.cpp, line 256]
Event: 91.329 Thread 0x00000278cd48e370 Exception <a 'java/lang/ClassNotFoundException'{0x00000007079a0f18}: org/gradle/api/internal/plugins/DefaultPluginCollectionCustomizer> (0x00000007079a0f18) 
thrown [s\open\src\hotspot\share\classfile\systemDictionary.cpp, line 256]
Event: 91.332 Thread 0x00000278cd48e370 Exception <a 'java/lang/ClassNotFoundException'{0x00000007079d98c0}: org/gradle/api/internal/plugins/DefaultPluginContainerCustomizer> (0x00000007079d98c0) 
thrown [s\open\src\hotspot\share\classfile\systemDictionary.cpp, line 256]
Event: 91.394 Thread 0x00000278cd48e370 Exception <a 'java/lang/ClassNotFoundException'{0x0000000707704a70}: org/gradle/configuration/internal/DefaultListenerBuildOperationDecorator$BuildOperationEmittingClosureBeanInfo> (0x0000000707704a70) 
thrown [s\open\src\hotspot\share\classfile\systemDictionary.cpp, line 256]
Event: 91.395 Thread 0x00000278cd48e370 Exception <a 'java/lang/ClassNotFoundException'{0x00000007077159d0}: org/gradle/configuration/internal/DefaultListenerBuildOperationDecorator$BuildOperationEmittingClosureCustomizer> (0x00000007077159d0) 
thrown [s\open\src\hotspot\share\classfile\systemDictionary.cpp, line 256]
Event: 91.404 Thread 0x00000278cd48e370 Exception <a 'java/lang/ClassNotFoundException'{0x000000070774b800}: org/gradle/api/internal/plugins/DefaultObjectConfigurationActionBeanInfo> (0x000000070774b800) 
thrown [s\open\src\hotspot\share\classfile\systemDictionary.cpp, line 256]
Event: 91.405 Thread 0x00000278cd48e370 Exception <a 'java/lang/ClassNotFoundException'{0x000000070775c168}: org/gradle/api/internal/plugins/DefaultObjectConfigurationActionCustomizer> (0x000000070775c168) 
thrown [s\open\src\hotspot\share\classfile\systemDictionary.cpp, line 256]
Event: 91.626 Thread 0x00000278cd48e370 Exception <a 'java/lang/NoSuchMethodError'{0x0000000707398df8}: 'long java.lang.invoke.DirectMethodHandle$Holder.invokeStatic(java.lang.Object, long)'> (0x0000000707398df8) 
thrown [s\open\src\hotspot\share\interpreter\linkResolver.cpp, line 759]
Event: 92.071 Thread 0x00000278cd48e370 Exception <a 'java/lang/ClassNotFoundException'{0x000000070957dd88}: java/lang/StringBeanInfo> (0x000000070957dd88) 
thrown [s\open\src\hotspot\share\classfile\systemDictionary.cpp, line 256]
Event: 92.072 Thread 0x00000278cd48e370 Exception <a 'java/lang/ClassNotFoundException'{0x000000070958b690}: java/lang/StringCustomizer> (0x000000070958b690) 
thrown [s\open\src\hotspot\share\classfile\systemDictionary.cpp, line 256]
Event: 92.080 Thread 0x00000278cd48e370 Exception <a 'java/lang/ClassNotFoundException'{0x00000007095e8bf0}: java/io/FileBeanInfo> (0x00000007095e8bf0) 
thrown [s\open\src\hotspot\share\classfile\systemDictionary.cpp, line 256]
Event: 92.081 Thread 0x00000278cd48e370 Exception <a 'java/lang/ClassNotFoundException'{0x00000007095f62f8}: java/io/FileCustomizer> (0x00000007095f62f8) 
thrown [s\open\src\hotspot\share\classfile\systemDictionary.cpp, line 256]
Event: 92.144 Thread 0x00000278cd48f2a0 Exception <a 'java/lang/NoSuchMethodError'{0x00000007092e3ea8}: static Lorg/gradle/internal/build/event/types/DefaultProjectConfigurationDescriptor;.<clinit>()V> (0x00000007092e3ea8) 
thrown [s\open\src\hotspot\share\prims\jni.cpp, line 1112]
Event: 92.735 Thread 0x00000278cd48e370 Exception <a 'java/lang/NoSuchMethodError'{0x0000000708b6a9b0}: 'java.lang.Object java.lang.invoke.DelegatingMethodHandle$Holder.reinvoke_L(java.lang.Object, java.lang.Object, java.lang.Object, java.lang.Object, java.lang.Object, java.lang.Object, java.lang.Object, java.lang.Object, java.lang.Object, java.lang.Object, java.lang.Object, java.lang.Object, java.lang.Object, java.lang.Object, java.lang.Object, java.lang.Object, java.lang.Object, java.lang.Object, java.lang.Object, java.lang.Object, java.lang.O
Event: 92.737 Thread 0x00000278cd48e370 Exception <a 'java/lang/NoSuchMethodError'{0x0000000708b76980}: 'java.lang.Object java.lang.invoke.DirectMethodHandle$Holder.invokeSpecial(java.lang.Object, java.lang.Object, java.lang.Object, java.lang.Object, java.lang.Object, java.lang.Object, java.lang.Object, java.lang.Object, java.lang.Object, java.lang.Object, java.lang.Object, java.lang.Object, java.lang.Object, java.lang.Object, java.lang.Object, java.lang.Object, java.lang.Object, java.lang.Object, java.lang.Object, java.lang.Object, java.lang.Ob
Event: 92.738 Thread 0x00000278cd48e370 Exception <a 'java/lang/NoSuchMethodError'{0x0000000708b7cdc0}: 'java.lang.Object java.lang.invoke.Invokers$Holder.invoker(java.lang.Object, java.lang.Object, java.lang.Object, java.lang.Object, java.lang.Object, java.lang.Object, java.lang.Object, java.lang.Object, java.lang.Object, java.lang.Object, java.lang.Object, java.lang.Object, java.lang.Object, java.lang.Object, java.lang.Object, java.lang.Object, java.lang.Object, java.lang.Object, java.lang.Object, java.lang.Object, java.lang.Object)'> (0x00000
Event: 92.738 Thread 0x00000278cd48e370 Exception <a 'java/lang/NoSuchMethodError'{0x0000000708b83c18}: 'java.lang.Object java.lang.invoke.DelegatingMethodHandle$Holder.delegate(java.lang.Object, java.lang.Object, java.lang.Object, java.lang.Object, java.lang.Object, java.lang.Object, java.lang.Object, java.lang.Object, java.lang.Object, java.lang.Object, java.lang.Object, java.lang.Object, java.lang.Object, java.lang.Object, java.lang.Object, java.lang.Object, java.lang.Object, java.lang.Object, java.lang.Object, java.lang.Object, java.lang.Obj
Event: 92.881 Thread 0x00000278cd48e370 Exception <a 'java/lang/NoSuchMethodError'{0x0000000708664330}: 'int java.lang.invoke.DirectMethodHandle$Holder.invokeStaticInit(java.lang.Object, java.lang.Object, java.lang.Object, java.lang.Object, java.lang.Object)'> (0x0000000708664330) 
thrown [s\open\src\hotspot\share\interpreter\linkResolver.cpp, line 759]

VM Operations (20 events):
Event: 88.313 Executing VM operation: Cleanup
Event: 88.314 Executing VM operation: Cleanup done
Event: 89.166 Executing VM operation: HandshakeAllThreads
Event: 89.166 Executing VM operation: HandshakeAllThreads done
Event: 89.276 Executing VM operation: G1CollectForAllocation
Event: 89.282 Executing VM operation: G1CollectForAllocation done
Event: 89.433 Executing VM operation: HandshakeAllThreads
Event: 89.433 Executing VM operation: HandshakeAllThreads done
Event: 90.440 Executing VM operation: Cleanup
Event: 90.440 Executing VM operation: Cleanup done
Event: 90.721 Executing VM operation: HandshakeAllThreads
Event: 90.721 Executing VM operation: HandshakeAllThreads done
Event: 91.376 Executing VM operation: HandshakeAllThreads
Event: 91.376 Executing VM operation: HandshakeAllThreads done
Event: 91.630 Executing VM operation: G1CollectForAllocation
Event: 91.645 Executing VM operation: G1CollectForAllocation done
Event: 92.653 Executing VM operation: Cleanup
Event: 92.655 Executing VM operation: Cleanup done
Event: 93.660 Executing VM operation: Cleanup
Event: 93.692 Executing VM operation: Cleanup done

Events (20 events):
Event: 92.499 loading class javax/naming/NamingException done
Event: 92.499 loading class javax/naming/InvalidNameException
Event: 92.499 loading class javax/naming/InvalidNameException done
Event: 92.499 loading class java/security/cert/CertificateParsingException
Event: 92.500 loading class java/security/cert/CertificateException
Event: 92.509 loading class java/security/cert/CertificateException done
Event: 92.509 loading class java/security/cert/CertificateParsingException done
Event: 92.647 loading class java/util/zip/GZIPInputStream
Event: 92.648 loading class java/util/zip/GZIPInputStream done
Event: 92.648 loading class java/util/zip/GZIPOutputStream
Event: 92.648 loading class java/util/zip/GZIPOutputStream done
Event: 92.681 Thread 0x00000278d08629b0 Thread added: 0x00000278d08629b0
Event: 92.825 loading class java/util/function/IntBinaryOperator
Event: 92.825 loading class java/util/function/IntBinaryOperator done
Event: 92.826 loading class java/util/stream/ReduceOps$6
Event: 92.826 loading class java/util/stream/ReduceOps$6 done
Event: 92.826 loading class java/util/stream/ReduceOps$5ReducingSink
Event: 92.827 loading class java/util/stream/ReduceOps$5ReducingSink done
Event: 93.116 Thread 0x00000278d1ce1a90 Thread added: 0x00000278d1ce1a90
Event: 93.522 Thread 0x00000278d1ce1a90 Thread exited: 0x00000278d1ce1a90


Dynamic libraries:
0x00007ff77df70000 - 0x00007ff77df80000 	C:\Program Files\Java\jdk-17\bin\java.exe
0x00007ff989040000 - 0x00007ff9892a6000 	C:\WINDOWS\SYSTEM32\ntdll.dll
0x00007ff987950000 - 0x00007ff987a19000 	C:\WINDOWS\System32\KERNEL32.DLL
0x00007ff986310000 - 0x00007ff9866dc000 	C:\WINDOWS\System32\KERNELBASE.dll
0x00007ff9866e0000 - 0x00007ff98682b000 	C:\WINDOWS\System32\ucrtbase.dll
0x00007ff96ef10000 - 0x00007ff96ef29000 	C:\Program Files\Java\jdk-17\bin\jli.dll
0x00007ff9885c0000 - 0x00007ff988672000 	C:\WINDOWS\System32\ADVAPI32.dll
0x00007ff988150000 - 0x00007ff9881f9000 	C:\WINDOWS\System32\msvcrt.dll
0x00007ff987280000 - 0x00007ff987326000 	C:\WINDOWS\System32\sechost.dll
0x00007ff988270000 - 0x00007ff988386000 	C:\WINDOWS\System32\RPCRT4.dll
0x00007ff988390000 - 0x00007ff98855a000 	C:\WINDOWS\System32\USER32.dll
0x00007ff986bb0000 - 0x00007ff986bd7000 	C:\WINDOWS\System32\win32u.dll
0x00007ff988680000 - 0x00007ff9886ab000 	C:\WINDOWS\System32\GDI32.dll
0x00007ff9861d0000 - 0x00007ff986302000 	C:\WINDOWS\System32\gdi32full.dll
0x00007ff9868c0000 - 0x00007ff986963000 	C:\WINDOWS\System32\msvcp_win.dll
0x00007ff968bb0000 - 0x00007ff968bcb000 	C:\Program Files\Java\jdk-17\bin\VCRUNTIME140.dll
0x00007ff970de0000 - 0x00007ff97107a000 	C:\WINDOWS\WinSxS\amd64_microsoft.windows.common-controls_6595b64144ccf1df_6.0.26100.3912_none_3e07963ce335137e\COMCTL32.dll
0x00007ff977460000 - 0x00007ff97746b000 	C:\WINDOWS\SYSTEM32\VERSION.dll
0x00007ff987e60000 - 0x00007ff987e90000 	C:\WINDOWS\System32\IMM32.DLL
0x00007ff9741d0000 - 0x00007ff9741dc000 	C:\Program Files\Java\jdk-17\bin\vcruntime140_1.dll
0x00007ff929cd0000 - 0x00007ff929d5e000 	C:\Program Files\Java\jdk-17\bin\msvcp140.dll
0x00007ff901a10000 - 0x00007ff9025f0000 	C:\Program Files\Java\jdk-17\bin\server\jvm.dll
0x00007ff9885b0000 - 0x00007ff9885b8000 	C:\WINDOWS\System32\PSAPI.DLL
0x00007ff975a60000 - 0x00007ff975a6a000 	C:\WINDOWS\SYSTEM32\WSOCK32.dll
0x00007ff986e20000 - 0x00007ff986e94000 	C:\WINDOWS\System32\WS2_32.dll
0x00007ff97e610000 - 0x00007ff97e646000 	C:\WINDOWS\SYSTEM32\WINMM.dll
0x00007ff984f90000 - 0x00007ff984faa000 	C:\WINDOWS\SYSTEM32\kernel.appcore.dll
0x00007ff971c20000 - 0x00007ff971c2a000 	C:\Program Files\Java\jdk-17\bin\jimage.dll
0x00007ff983890000 - 0x00007ff983ad1000 	C:\WINDOWS\SYSTEM32\DBGHELP.DLL
0x00007ff987ad0000 - 0x00007ff987e54000 	C:\WINDOWS\System32\combase.dll
0x00007ff987340000 - 0x00007ff987420000 	C:\WINDOWS\System32\OLEAUT32.dll
0x00007ff968e40000 - 0x00007ff968e79000 	C:\WINDOWS\SYSTEM32\dbgcore.DLL
0x00007ff986d60000 - 0x00007ff986df9000 	C:\WINDOWS\System32\bcryptPrimitives.dll
0x00007ff971790000 - 0x00007ff97179e000 	C:\Program Files\Java\jdk-17\bin\instrument.dll
0x00007ff954bb0000 - 0x00007ff954bd5000 	C:\Program Files\Java\jdk-17\bin\java.dll
0x00007ff925150000 - 0x00007ff925227000 	C:\Program Files\Java\jdk-17\bin\jsvml.dll
0x00007ff988790000 - 0x00007ff988ebd000 	C:\WINDOWS\System32\SHELL32.dll
0x00007ff986970000 - 0x00007ff986ae4000 	C:\WINDOWS\System32\wintypes.dll
0x00007ff983e20000 - 0x00007ff984676000 	C:\WINDOWS\SYSTEM32\windows.storage.dll
0x00007ff987ea0000 - 0x00007ff987f8f000 	C:\WINDOWS\System32\SHCORE.dll
0x00007ff988200000 - 0x00007ff988269000 	C:\WINDOWS\System32\shlwapi.dll
0x00007ff9860e0000 - 0x00007ff98610f000 	C:\WINDOWS\SYSTEM32\profapi.dll
0x00007ff962b70000 - 0x00007ff962b88000 	C:\Program Files\Java\jdk-17\bin\zip.dll
0x00007ff9626a0000 - 0x00007ff9626b9000 	C:\Program Files\Java\jdk-17\bin\net.dll
0x00007ff9785e0000 - 0x00007ff9786fe000 	C:\WINDOWS\SYSTEM32\WINHTTP.dll
0x00007ff985500000 - 0x00007ff98556a000 	C:\WINDOWS\system32\mswsock.dll
0x00007ff960210000 - 0x00007ff960226000 	C:\Program Files\Java\jdk-17\bin\nio.dll
0x00007ff9713c0000 - 0x00007ff9713d0000 	C:\Program Files\Java\jdk-17\bin\verify.dll
0x00007ff9753e0000 - 0x00007ff975407000 	C:\Users\Sahan\.gradle\native\68d5fa5c4cc2d200863cafc0d521ce42e7d3e7ee720ec0a83991735586a16f82\windows-amd64\native-platform.dll
0x00007ff919120000 - 0x00007ff919264000 	C:\Users\Sahan\.gradle\native\e376f236ea51e6404a007f0833ffe2c6e607c4080706a723a18a27aeea778392\windows-amd64\native-platform-file-events.dll
0x00007ff971180000 - 0x00007ff97118a000 	C:\Program Files\Java\jdk-17\bin\management.dll
0x00007ff970320000 - 0x00007ff97032b000 	C:\Program Files\Java\jdk-17\bin\management_ext.dll
0x00007ff9857a0000 - 0x00007ff9857bc000 	C:\WINDOWS\SYSTEM32\CRYPTSP.dll
0x00007ff984ef0000 - 0x00007ff984f2a000 	C:\WINDOWS\system32\rsaenh.dll
0x00007ff9855a0000 - 0x00007ff9855cb000 	C:\WINDOWS\SYSTEM32\USERENV.dll
0x00007ff9860b0000 - 0x00007ff9860d6000 	C:\WINDOWS\SYSTEM32\bcrypt.dll
0x00007ff9857c0000 - 0x00007ff9857cc000 	C:\WINDOWS\SYSTEM32\CRYPTBASE.dll
0x00007ff984a60000 - 0x00007ff984a93000 	C:\WINDOWS\SYSTEM32\IPHLPAPI.DLL
0x00007ff988ef0000 - 0x00007ff988efa000 	C:\WINDOWS\System32\NSI.dll
0x00007ff979a70000 - 0x00007ff979a8f000 	C:\WINDOWS\SYSTEM32\dhcpcsvc6.DLL
0x00007ff979a40000 - 0x00007ff979a65000 	C:\WINDOWS\SYSTEM32\dhcpcsvc.DLL
0x00007ff984aa0000 - 0x00007ff984bc7000 	C:\WINDOWS\SYSTEM32\DNSAPI.dll
0x00007ff96f700000 - 0x00007ff96f70e000 	C:\Program Files\Java\jdk-17\bin\sunmscapi.dll
0x00007ff986be0000 - 0x00007ff986d57000 	C:\WINDOWS\System32\CRYPT32.dll
0x00007ff9859b0000 - 0x00007ff9859e0000 	C:\WINDOWS\SYSTEM32\ncrypt.dll
0x00007ff985960000 - 0x00007ff98599f000 	C:\WINDOWS\SYSTEM32\NTASN1.dll
0x00007ff975a10000 - 0x00007ff975a18000 	C:\WINDOWS\system32\wshunix.dll

dbghelp: loaded successfully - version: 4.0.5 - missing functions: none
symbol engine: initialized successfully - sym options: 0x614 - pdb path: .;C:\Program Files\Java\jdk-17\bin;C:\WINDOWS\SYSTEM32;C:\WINDOWS\WinSxS\amd64_microsoft.windows.common-controls_6595b64144ccf1df_6.0.26100.3912_none_3e07963ce335137e;C:\Program Files\Java\jdk-17\bin\server;C:\Users\Sahan\.gradle\native\68d5fa5c4cc2d200863cafc0d521ce42e7d3e7ee720ec0a83991735586a16f82\windows-amd64;C:\Users\Sahan\.gradle\native\e376f236ea51e6404a007f0833ffe2c6e607c4080706a723a18a27aeea778392\windows-amd64

VM Arguments:
jvm_args: -XX:MaxMetaspaceSize=2G -XX:+HeapDumpOnOutOfMemoryError --add-opens=java.base/java.util=ALL-UNNAMED --add-opens=java.base/java.lang=ALL-UNNAMED --add-opens=java.base/java.lang.invoke=ALL-UNNAMED --add-opens=java.prefs/java.util.prefs=ALL-UNNAMED --add-opens=java.base/java.nio.charset=ALL-UNNAMED --add-opens=java.base/java.net=ALL-UNNAMED --add-opens=java.base/java.util.concurrent.atomic=ALL-UNNAMED -Xmx4G -Dfile.encoding=utf8 -Duser.country=US -Duser.language=en -Duser.variant -javaagent:C:\Users\Sahan\.gradle\wrapper\dists\gradle-8.2-bin\bbg7u40eoinfdyxsxr3z4i7ta\gradle-8.2\lib\agents\gradle-instrumentation-agent-8.2.jar 
java_command: org.gradle.launcher.daemon.bootstrap.GradleDaemon 8.2
java_class_path (initial): C:\Users\Sahan\.gradle\wrapper\dists\gradle-8.2-bin\bbg7u40eoinfdyxsxr3z4i7ta\gradle-8.2\lib\gradle-launcher-8.2.jar
Launcher Type: SUN_STANDARD

[Global flags]
     intx CICompilerCount                          = 3                                         {product} {ergonomic}
     uint ConcGCThreads                            = 1                                         {product} {ergonomic}
     uint G1ConcRefinementThreads                  = 4                                         {product} {ergonomic}
   size_t G1HeapRegionSize                         = 2097152                                   {product} {ergonomic}
    uintx GCDrainStackTargetSize                   = 64                                        {product} {ergonomic}
     bool HeapDumpOnOutOfMemoryError               = true                                   {manageable} {command line}
   size_t InitialHeapSize                          = 130023424                                 {product} {ergonomic}
   size_t MarkStackSize                            = 4194304                                   {product} {ergonomic}
   size_t MaxHeapSize                              = 4294967296                                {product} {command line}
   size_t MaxMetaspaceSize                         = 2147483648                                {product} {command line}
   size_t MaxNewSize                               = 2575302656                                {product} {ergonomic}
   size_t MinHeapDeltaBytes                        = 2097152                                   {product} {ergonomic}
   size_t MinHeapSize                              = 8388608                                   {product} {ergonomic}
    uintx NonNMethodCodeHeapSize                   = 5832780                                {pd product} {ergonomic}
    uintx NonProfiledCodeHeapSize                  = 122912730                              {pd product} {ergonomic}
    uintx ProfiledCodeHeapSize                     = 122912730                              {pd product} {ergonomic}
    uintx ReservedCodeCacheSize                    = 251658240                              {pd product} {ergonomic}
     bool SegmentedCodeCache                       = true                                      {product} {ergonomic}
   size_t SoftMaxHeapSize                          = 4294967296                             {manageable} {ergonomic}
     bool UseCompressedClassPointers               = true                           {product lp64_product} {ergonomic}
     bool UseCompressedOops                        = true                           {product lp64_product} {ergonomic}
     bool UseG1GC                                  = true                                      {product} {ergonomic}
     bool UseLargePagesIndividualAllocation        = false                                  {pd product} {ergonomic}

Logging:
Log output configuration:
 #0: stdout all=warning uptime,level,tags
 #1: stderr all=off uptime,level,tags

Environment Variables:
PATH=C:\Program Files\Common Files\Oracle\Java\javapath;C:\WINDOWS\system32;C:\WINDOWS;C:\WINDOWS\System32\Wbem;C:\WINDOWS\System32\WindowsPowerShell\v1.0\;C:\WINDOWS\System32\OpenSSH\;C:\Program Files\Git\cmd;C:\Program Files (x86)\Windows Kits\10\Windows Performance Toolkit\;C:\mingw64\bin;C:\opencv\build\include\opencv2;C:\chromedriver_win32\chromedriver.exe;C:\Program Files\nodejs\;C:\ProgramData\chocolatey\bin;C:\Program Files\Java\jdk-17\bin;C:\Program Files\dotnet\;C:\Program Files\aircrack-ng-1.7-win\bin;%BALLERINA_HOME%\bin;C:\Users\Sahan\AppData\Local\Programs\Python\Python313\Scripts\;C:\Users\Sahan\AppData\Local\Programs\Python\Python313\;C:\Users\Sahan\.cargo\bin;C:\Users\Sahan\dev\flutter\bin;C:\Users\Sahan\AppData\Local\Microsoft\WindowsApps;C:\Users\Sahan\AppData\Local\Programs\Microsoft VS Code\bin;C:\opencv\build\include\opencv2;C:\Users\Sahan\AppData\Roaming\npm;C:\Program Files\aircrack-ng-1.7-win\bin
USERNAME=Sahan
OS=Windows_NT
PROCESSOR_IDENTIFIER=Intel64 Family 6 Model 140 Stepping 1, GenuineIntel



---------------  S Y S T E M  ---------------

OS:
 Windows 11 , 64 bit Build 26100 (10.0.26100.3912)
OS uptime: 4 days 9:04 hours
Hyper-V role detected

CPU: total 4 (initial active 4) (2 cores per cpu, 2 threads per core) family 6 model 140 stepping 1 microcode 0xbc, cx8, cmov, fxsr, ht, mmx, 3dnowpref, sse, sse2, sse3, ssse3, sse4.1, sse4.2, popcnt, lzcnt, tsc, tscinvbit, avx, avx2, aes, erms, clmul, bmi1, bmi2, adx, avx512f, avx512dq, avx512cd, avx512bw, avx512vl, sha, fma, vzeroupper, avx512_vpopcntdq, avx512_vpclmulqdq, avx512_vaes, avx512_vnni, clflush, clflushopt, clwb, avx512_vbmi2, avx512_vbmi, hv

Memory: 4k page, system-wide physical 7934M (1036M free)
TotalPageFile size 23099M (AvailPageFile size 3M)
current process WorkingSet (physical memory assigned to process): 380M, peak: 380M
current process commit charge ("private bytes"): 445M, peak: 446M

vm_info: Java HotSpot(TM) 64-Bit Server VM (17.0.12+8-LTS-286) for windows-amd64 JRE (17.0.12+8-LTS-286), built on Jun  5 2024 06:46:59 by "mach5one" with MS VC++ 17.6 (VS2022)

END.
